C51 COMPILER V9.60.0.0   DIO                                                               09/17/2020 20:21:33 PAGE 1   


C51 COMPILER V9.60.0.0, COMPILATION OF MODULE DIO
OBJECT MODULE PLACED IN .\Objects\DIO.obj
COMPILER INVOKED BY: C:\Keil_v5\C51\BIN\C51.EXE DIO.c OPTIMIZE(8,SPEED) BROWSE DEBUG OBJECTEXTEND PRINT(.\Listings\DIO.l
                    -st) TABS(2) OBJECT(.\Objects\DIO.obj)

line level    source

   1          #include "types.h"
*** WARNING C318 IN LINE 1 OF DIO.c: can't open file 'types.h'
   2          #include "Registers.h"
   3          #include "macros.h"
   4          #include "DIO.h"
*** WARNING C318 IN LINE 11 OF DIO.h: can't open file 'Types.h'
   5          void DIO_Vid_Set_Port_Direction(unsigned char portNumber,unsigned char value)
   6          {
   7   1        switch(portNumber)
   8   1          {
   9   2          case 0:
  10   2            DDRA = value;
*** ERROR C141 IN LINE 10 OF DIO.c: syntax error near 'u8', expected ')'
*** ERROR C202 IN LINE 10 OF DIO.c: 'u8': undefined identifier
*** ERROR C141 IN LINE 10 OF DIO.c: syntax error near ')', expected ';'
  11   2            break;
  12   2          case 1:
  13   2            DDRB = value;
*** ERROR C141 IN LINE 13 OF DIO.c: syntax error near 'u8', expected ')'
*** ERROR C202 IN LINE 13 OF DIO.c: 'u8': undefined identifier
*** ERROR C141 IN LINE 13 OF DIO.c: syntax error near ')', expected ';'
  14   2            break;
  15   2          case 2:
  16   2            DDRC = value;
*** ERROR C141 IN LINE 16 OF DIO.c: syntax error near 'u8', expected ')'
*** ERROR C202 IN LINE 16 OF DIO.c: 'u8': undefined identifier
*** ERROR C141 IN LINE 16 OF DIO.c: syntax error near ')', expected ';'
  17   2            break;
  18   2          case 3:
  19   2            DDRD = value;
*** ERROR C141 IN LINE 19 OF DIO.c: syntax error near 'u8', expected ')'
*** ERROR C202 IN LINE 19 OF DIO.c: 'u8': undefined identifier
*** ERROR C141 IN LINE 19 OF DIO.c: syntax error near ')', expected ';'
  20   2            break;
  21   2          }
  22   1      
  23   1      }
  24          
  25          void DIO_Vid_Set_Port_Value(unsigned char portNumber,unsigned char value)
  26          {
  27   1        switch(portNumber)
  28   1          {
  29   2          case 0:
  30   2            PORTA = value;
*** ERROR C141 IN LINE 30 OF DIO.c: syntax error near 'u8', expected ')'
*** ERROR C202 IN LINE 30 OF DIO.c: 'u8': undefined identifier
*** ERROR C141 IN LINE 30 OF DIO.c: syntax error near ')', expected ';'
  31   2            break;
  32   2          case 1:
  33   2            PORTB = value;
*** ERROR C141 IN LINE 33 OF DIO.c: syntax error near 'u8', expected ')'
*** ERROR C202 IN LINE 33 OF DIO.c: 'u8': undefined identifier
*** ERROR C141 IN LINE 33 OF DIO.c: syntax error near ')', expected ';'
  34   2            break;
C51 COMPILER V9.60.0.0   DIO                                                               09/17/2020 20:21:33 PAGE 2   

  35   2          case 2:
  36   2            PORTC = value;
*** ERROR C141 IN LINE 36 OF DIO.c: syntax error near 'u8', expected ')'
*** ERROR C202 IN LINE 36 OF DIO.c: 'u8': undefined identifier
*** ERROR C141 IN LINE 36 OF DIO.c: syntax error near ')', expected ';'
  37   2            break;
  38   2          case 3:
  39   2            PORTD = value;
*** ERROR C141 IN LINE 39 OF DIO.c: syntax error near 'u8', expected ')'
*** ERROR C202 IN LINE 39 OF DIO.c: 'u8': undefined identifier
*** ERROR C141 IN LINE 39 OF DIO.c: syntax error near ')', expected ';'
  40   2            break;
  41   2          }
  42   1      
  43   1      }
  44          
  45          
  46          
  47          unsigned char DIO_u8_Read_Port_Value(unsigned char portNumber)
  48          {
  49   1        unsigned char value;
  50   1        switch (portNumber)
  51   1        {
  52   2        case 0:
  53   2          value = PINA;
*** ERROR C141 IN LINE 53 OF DIO.c: syntax error near 'u8', expected ')'
*** ERROR C202 IN LINE 53 OF DIO.c: 'u8': undefined identifier
*** ERROR C141 IN LINE 53 OF DIO.c: syntax error near ')', expected ';'
  54   2          break;
  55   2        case 1:
  56   2          value = PINB;
*** ERROR C141 IN LINE 56 OF DIO.c: syntax error near 'u8', expected ')'
*** ERROR C202 IN LINE 56 OF DIO.c: 'u8': undefined identifier
*** ERROR C141 IN LINE 56 OF DIO.c: syntax error near ')', expected ';'
  57   2          break;
  58   2        case 2:
  59   2          value = PINC;
*** ERROR C141 IN LINE 59 OF DIO.c: syntax error near 'u8', expected ')'
*** ERROR C202 IN LINE 59 OF DIO.c: 'u8': undefined identifier
*** ERROR C141 IN LINE 59 OF DIO.c: syntax error near ')', expected ';'
  60   2          break;
  61   2        case 3:
  62   2          value = PIND;
*** ERROR C141 IN LINE 62 OF DIO.c: syntax error near 'u8', expected ')'
*** ERROR C202 IN LINE 62 OF DIO.c: 'u8': undefined identifier
*** ERROR C141 IN LINE 62 OF DIO.c: syntax error near ')', expected ';'
  63   2          break;
  64   2        }
  65   1        return value;
  66   1      
  67   1      }
  68          void DIO_Vid_Set_Pin_Direcition(unsigned char portNumber, unsigned char pinNumber,unsigned char value)
  69          {
  70   1        switch(portNumber)
  71   1          {
  72   2          case 0:
  73   2            if (value == 1)
  74   2              SetBit(DDRA, pinNumber);
*** ERROR C141 IN LINE 74 OF DIO.c: syntax error near 'u8', expected ')'
*** ERROR C202 IN LINE 74 OF DIO.c: 'u8': undefined identifier
*** ERROR C141 IN LINE 74 OF DIO.c: syntax error near ')', expected ';'
  75   2            else if ( value == 0)
C51 COMPILER V9.60.0.0   DIO                                                               09/17/2020 20:21:33 PAGE 3   

*** ERROR C141 IN LINE 75 OF DIO.c: syntax error near 'else', expected '__asm'
  76   2              ClearBit(DDRA , pinNumber);
*** ERROR C141 IN LINE 76 OF DIO.c: syntax error near 'u8', expected ')'
*** ERROR C202 IN LINE 76 OF DIO.c: 'u8': undefined identifier
*** ERROR C141 IN LINE 76 OF DIO.c: syntax error near ')', expected ';'
  77   2            break;
  78   2          case 1:
  79   2            if (value == 1)
  80   2              SetBit(DDRB, pinNumber);
*** ERROR C141 IN LINE 80 OF DIO.c: syntax error near 'u8', expected ')'
*** ERROR C202 IN LINE 80 OF DIO.c: 'u8': undefined identifier
*** ERROR C141 IN LINE 80 OF DIO.c: syntax error near ')', expected ';'
  81   2            else if ( value == 0)
*** ERROR C141 IN LINE 81 OF DIO.c: syntax error near 'else', expected '__asm'
  82   2              ClearBit(DDRB , pinNumber);
*** ERROR C141 IN LINE 82 OF DIO.c: syntax error near 'u8', expected ')'
*** ERROR C202 IN LINE 82 OF DIO.c: 'u8': undefined identifier
*** ERROR C141 IN LINE 82 OF DIO.c: syntax error near ')', expected ';'
  83   2            break;
  84   2          case 2:
  85   2            if (value == 1)
  86   2              SetBit(DDRC, pinNumber);
*** ERROR C141 IN LINE 86 OF DIO.c: syntax error near 'u8', expected ')'
*** ERROR C202 IN LINE 86 OF DIO.c: 'u8': undefined identifier
*** ERROR C141 IN LINE 86 OF DIO.c: syntax error near ')', expected ';'
  87   2            else if ( value == 0)
*** ERROR C141 IN LINE 87 OF DIO.c: syntax error near 'else', expected '__asm'
  88   2              ClearBit(DDRC , pinNumber);
*** ERROR C141 IN LINE 88 OF DIO.c: syntax error near 'u8', expected ')'
*** ERROR C202 IN LINE 88 OF DIO.c: 'u8': undefined identifier
*** ERROR C141 IN LINE 88 OF DIO.c: syntax error near ')', expected ';'
  89   2            break;
  90   2          case 3:
  91   2            if (value == 1)
  92   2              SetBit(DDRD, pinNumber);
*** ERROR C141 IN LINE 92 OF DIO.c: syntax error near 'u8', expected ')'
*** ERROR C202 IN LINE 92 OF DIO.c: 'u8': undefined identifier
*** ERROR C141 IN LINE 92 OF DIO.c: syntax error near ')', expected ';'
  93   2            else if ( value == 0)
*** ERROR C141 IN LINE 93 OF DIO.c: syntax error near 'else', expected '__asm'
  94   2              ClearBit(DDRD , pinNumber);
*** ERROR C141 IN LINE 94 OF DIO.c: syntax error near 'u8', expected ')'
*** ERROR C202 IN LINE 94 OF DIO.c: 'u8': undefined identifier
*** ERROR C141 IN LINE 94 OF DIO.c: syntax error near ')', expected ';'
  95   2            break;
  96   2          }
  97   1      
  98   1      }
  99          
 100          void DIO_Vid_Set_Pin_Value(unsigned char portNumber, unsigned char pinNumber,unsigned char value)
 101          {
 102   1      
 103   1        switch(portNumber)
 104   1          {
 105   2          case 0:
 106   2            if (value == 1)
 107   2              SetBit(PORTA, pinNumber);
*** ERROR C141 IN LINE 107 OF DIO.c: syntax error near 'u8', expected ')'
*** ERROR C202 IN LINE 107 OF DIO.c: 'u8': undefined identifier
*** ERROR C141 IN LINE 107 OF DIO.c: syntax error near ')', expected ';'
 108   2            else if ( value == 0)
*** ERROR C141 IN LINE 108 OF DIO.c: syntax error near 'else', expected '__asm'
C51 COMPILER V9.60.0.0   DIO                                                               09/17/2020 20:21:33 PAGE 4   

 109   2              ClearBit(PORTA , pinNumber);
*** ERROR C141 IN LINE 109 OF DIO.c: syntax error near 'u8', expected ')'
*** ERROR C202 IN LINE 109 OF DIO.c: 'u8': undefined identifier
*** ERROR C141 IN LINE 109 OF DIO.c: syntax error near ')', expected ';'
 110   2            break;
 111   2          case 1:
 112   2            if (value == 1)
 113   2              SetBit(PORTB, pinNumber);
*** ERROR C141 IN LINE 113 OF DIO.c: syntax error near 'u8', expected ')'
*** ERROR C202 IN LINE 113 OF DIO.c: 'u8': undefined identifier
*** ERROR C141 IN LINE 113 OF DIO.c: syntax error near ')', expected ';'
 114   2            else if ( value == 0)
*** ERROR C141 IN LINE 114 OF DIO.c: syntax error near 'else', expected '__asm'
 115   2              ClearBit(PORTB , pinNumber);
*** ERROR C141 IN LINE 115 OF DIO.c: syntax error near 'u8', expected ')'
*** ERROR C202 IN LINE 115 OF DIO.c: 'u8': undefined identifier
*** ERROR C141 IN LINE 115 OF DIO.c: syntax error near ')', expected ';'
 116   2            break;
 117   2          case 2:
 118   2            if (value == 1)
 119   2              SetBit(PORTC, pinNumber);
*** ERROR C141 IN LINE 119 OF DIO.c: syntax error near 'u8', expected ')'
*** ERROR C202 IN LINE 119 OF DIO.c: 'u8': undefined identifier
*** ERROR C141 IN LINE 119 OF DIO.c: syntax error near ')', expected ';'
 120   2            else if ( value == 0)
*** ERROR C141 IN LINE 120 OF DIO.c: syntax error near 'else', expected '__asm'
 121   2              ClearBit(PORTC , pinNumber);
*** ERROR C141 IN LINE 121 OF DIO.c: syntax error near 'u8', expected ')'
*** ERROR C202 IN LINE 121 OF DIO.c: 'u8': undefined identifier
*** ERROR C141 IN LINE 121 OF DIO.c: syntax error near ')', expected ';'
 122   2            break;
 123   2          case 3:
 124   2            if (value == 1)
 125   2              SetBit(PORTD, pinNumber);
*** ERROR C141 IN LINE 125 OF DIO.c: syntax error near 'u8', expected ')'
*** ERROR C202 IN LINE 125 OF DIO.c: 'u8': undefined identifier
*** ERROR C141 IN LINE 125 OF DIO.c: syntax error near ')', expected ';'
 126   2            else if ( value == 0)
*** ERROR C141 IN LINE 126 OF DIO.c: syntax error near 'else', expected '__asm'
 127   2              ClearBit(PORTD , pinNumber);
*** ERROR C141 IN LINE 127 OF DIO.c: syntax error near 'u8', expected ')'
*** ERROR C202 IN LINE 127 OF DIO.c: 'u8': undefined identifier
*** ERROR C141 IN LINE 127 OF DIO.c: syntax error near ')', expected ';'
 128   2            break;
 129   2          }
 130   1      
 131   1      }
 132          
 133          unsigned char DIO_u8_Read_Pin_Value(unsigned char portNumber,unsigned char pinNumber)
 134          {
 135   1        unsigned char value;
 136   1        switch(portNumber)
 137   1          {
 138   2          case 0:
 139   2            value = GetBit(PINA,pinNumber);
*** ERROR C141 IN LINE 139 OF DIO.c: syntax error near 'u8', expected ')'
*** ERROR C202 IN LINE 139 OF DIO.c: 'u8': undefined identifier
*** ERROR C141 IN LINE 139 OF DIO.c: syntax error near ')', expected ';'
*** ERROR C141 IN LINE 139 OF DIO.c: syntax error near ')', expected ';'
 140   2            break;
 141   2          case 1:
 142   2            value = GetBit(PINB,pinNumber);
C51 COMPILER V9.60.0.0   DIO                                                               09/17/2020 20:21:33 PAGE 5   

*** ERROR C141 IN LINE 142 OF DIO.c: syntax error near 'u8', expected ')'
*** ERROR C202 IN LINE 142 OF DIO.c: 'u8': undefined identifier
*** ERROR C141 IN LINE 142 OF DIO.c: syntax error near ')', expected ';'
*** ERROR C141 IN LINE 142 OF DIO.c: syntax error near ')', expected ';'
 143   2            break;
 144   2          case 2:
 145   2            value = GetBit(PINC,pinNumber);
*** ERROR C141 IN LINE 145 OF DIO.c: syntax error near 'u8', expected ')'
*** ERROR C202 IN LINE 145 OF DIO.c: 'u8': undefined identifier
*** ERROR C141 IN LINE 145 OF DIO.c: syntax error near ')', expected ';'
*** ERROR C141 IN LINE 145 OF DIO.c: syntax error near ')', expected ';'
 146   2            break;
 147   2          case 3:
 148   2            value = GetBit(PIND,pinNumber);
*** ERROR C141 IN LINE 148 OF DIO.c: syntax error near 'u8', expected ')'
*** ERROR C202 IN LINE 148 OF DIO.c: 'u8': undefined identifier
*** ERROR C141 IN LINE 148 OF DIO.c: syntax error near ')', expected ';'
*** ERROR C141 IN LINE 148 OF DIO.c: syntax error near ')', expected ';'
 149   2            break;
 150   2          }
 151   1        return value;
 152   1      
 153   1      }
 154          
 155          
 156          

C51 COMPILATION COMPLETE.  2 WARNING(S),  108 ERROR(S)
