C51 COMPILER V9.60.0.0   MOTORS                                                            11/08/2020 16:57:52 PAGE 1   


C51 COMPILER V9.60.0.0, COMPILATION OF MODULE MOTORS
OBJECT MODULE PLACED IN .\Objects\Motors.obj
COMPILER INVOKED BY: C:\Keil_v5\C51\BIN\C51.EXE Motors.c ROM(COMPACT) OPTIMIZE(8,SPEED) BROWSE DEBUG OBJECTEXTEND PRINT(
                    -.\Listings\Motors.lst) TABS(2) OBJECT(.\Objects\Motors.obj)

line level    source

   1          #include "Motors.h"
   2          #include <reg52.h>
   3          #include "UltraSonic_Sensor.h"
   4          #include "Delays_Functions.h"
   5          
   6          void moveStop(){ 
   7   1        P2 = 0x00;
   8   1      }
   9          
  10          void moveForward(){ 
  11   1        if (!goesForward)
  12   1        {
  13   2          goesForward = 1;
  14   2          P2 = 0x90;
  15   2        }
  16   1      }
  17          void moveBackward(){ 
  18   1          goesForward = 0;
  19   1        P2 = 0x60;
  20   1      }
  21          void turnRight(){ 
  22   1        P2 = 0x50;
  23   1        Delay_ms(500);
  24   1        P2 = 0x50;
  25   1      }
  26          void turnLeft(){ 
  27   1        P2 = 0xA0;
  28   1        Delay_ms(500);
  29   1        P2 = 0xA0;
  30   1      }


MODULE INFORMATION:   STATIC OVERLAYABLE
   CODE SIZE        =     50    ----
   CONSTANT SIZE    =   ----    ----
   XDATA SIZE       =   ----    ----
   PDATA SIZE       =   ----    ----
   DATA SIZE        =   ----    ----
   IDATA SIZE       =   ----    ----
   BIT SIZE         =   ----    ----
END OF MODULE INFORMATION.


C51 COMPILATION COMPLETE.  0 WARNING(S),  0 ERROR(S)
