C51 COMPILER V9.60.0.0   SERVO                                                             11/08/2020 16:53:23 PAGE 1   


C51 COMPILER V9.60.0.0, COMPILATION OF MODULE SERVO
OBJECT MODULE PLACED IN .\Objects\Servo.obj
COMPILER INVOKED BY: C:\Keil_v5\C51\BIN\C51.EXE Servo.c ROM(COMPACT) OPTIMIZE(8,SPEED) BROWSE DEBUG OBJECTEXTEND PRINT(.
                    -\Listings\Servo.lst) TABS(2) OBJECT(.\Objects\Servo.obj)

line level    source

   1          #include "Servo.h"
   2          #include "obstacles_avoiding_robot_cfg.h"
   3          #include <intrins.h>
   4          #include "Delays_Functions.h"
   5          #include "UltraSonic_Sensor.h"
   6          
   7          
   8          int lookLeft(void){
   9   1        int distance = 0;
  10   1        //Turn to 90 degree
  11   1        setServo_at_Neg90Angle();
  12   1        Delay_ms(500);
  13   1        distance = readPing();
  14   1        Delay_ms(100);
  15   1        //Turn to 0 degree
  16   1        setServo_at_ZeroAngle(); 
  17   1        Delay_ms(100);
  18   1        return distance;
  19   1       
  20   1      }
  21          
  22          int lookRight(void){  
  23   1        int distance = 0;
  24   1        
  25   1        //Turn to 90 degree
  26   1        setServo_at_90Angle();
  27   1        Delay_ms(500);
  28   1        distance = readPing();
  29   1        Delay_ms(100);
  30   1        
  31   1        //Turn to 0 degree
  32   1        setServo_at_ZeroAngle(); 
  33   1      
  34   1       
  35   1        return distance;
  36   1      }
  37          
  38          
  39          void setServo_at_ZeroAngle(void)
  40          {
  41   1        Servo_pin = 1;
  42   1        Delay_ms_servo(50);
  43   1        Servo_pin = 0;
  44   1         
  45   1      }
  46          void setServo_at_90Angle(void)
  47          {
  48   1        
  49   1         Servo_pin=1;
  50   1         Delay_ms_servo(82);
  51   1         Servo_pin=0;
  52   1         
  53   1      }
  54          void setServo_at_Neg90Angle(void)
C51 COMPILER V9.60.0.0   SERVO                                                             11/08/2020 16:53:23 PAGE 2   

  55          {
  56   1         Servo_pin=1;
  57   1         Delay_ms_servo(110);
  58   1         Servo_pin=0;
  59   1      }
  60          


MODULE INFORMATION:   STATIC OVERLAYABLE
   CODE SIZE        =    117    ----
   CONSTANT SIZE    =   ----    ----
   XDATA SIZE       =   ----    ----
   PDATA SIZE       =   ----    ----
   DATA SIZE        =   ----       4
   IDATA SIZE       =   ----    ----
   BIT SIZE         =   ----    ----
END OF MODULE INFORMATION.


C51 COMPILATION COMPLETE.  0 WARNING(S),  0 ERROR(S)
