C51 COMPILER V9.60.0.0   ULTRASONIC_SENSOR                                                 11/08/2020 16:53:23 PAGE 1   


C51 COMPILER V9.60.0.0, COMPILATION OF MODULE ULTRASONIC_SENSOR
OBJECT MODULE PLACED IN .\Objects\UltraSonic_Sensor.obj
COMPILER INVOKED BY: C:\Keil_v5\C51\BIN\C51.EXE UltraSonic_Sensor.c ROM(COMPACT) OPTIMIZE(8,SPEED) BROWSE DEBUG OBJECTEX
                    -TEND PRINT(.\Listings\UltraSonic_Sensor.lst) TABS(2) OBJECT(.\Objects\UltraSonic_Sensor.obj)

line level    source

   1          #include "UltraSonic_Sensor.h"
   2          #include "Delays_Functions.h"
   3          #include "Obstacles_Avoiding_Robot_cfg.h"
   4          
   5          char goesForward = 0;
   6          float  distance_measurement = 0;
   7          int distance = 100;
   8          
   9          void send_trigger_pulse(){
  10   1        Trigger_pin= 1;             /* pull trigger pin HIGH */
  11   1        Delay_us();                 /* provide 10uS Delay*/
  12   1        Trigger_pin = 0;            /* pull trigger pin LOW*/
  13   1      }
  14          
  15          int readPing(){
  16   1        int cm = 0;
  17   1        float  value;
  18   1        Delay_ms(70);
  19   1        send_trigger_pulse();     /* send trigger pulse of 10us */
  20   1          while(!Echo_pin)
  21   1           {
  22   2            
  23   2           }      /* Waiting for Echo */
  24   1           
  25   1           TR0 = 1;  /* Timer Starts */
  26   1         
  27   1           while(Echo_pin && !TF0)
  28   1          {
  29   2          
  30   2          }     /* Waiting for Echo goes LOW */
  31   1          TR0 = 0;                        /* Stop the timer */
  32   1          
  33   1          /* calculate distance  timer */
  34   1          value = Clock_period * sound_velocity; 
  35   1          
  36   1            distance_measurement = (TL0|(TH0<<8));  /* read timer  for time count */
  37   1            distance_measurement = (distance_measurement*value)/2.0;  /* find distance(in cm) */
  38   1          
  39   1        cm = distance_measurement;
  40   1       if (cm==0){
  41   2          cm=250;
  42   2        }
  43   1       else if (cm > maximum_distance)
  44   1         cm = maximum_distance;
  45   1        return cm;
  46   1      }


MODULE INFORMATION:   STATIC OVERLAYABLE
   CODE SIZE        =    172    ----
   CONSTANT SIZE    =   ----    ----
   XDATA SIZE       =   ----    ----
   PDATA SIZE       =   ----    ----
   DATA SIZE        =      7       6
C51 COMPILER V9.60.0.0   ULTRASONIC_SENSOR                                                 11/08/2020 16:53:23 PAGE 2   

   IDATA SIZE       =   ----    ----
   BIT SIZE         =   ----    ----
END OF MODULE INFORMATION.


C51 COMPILATION COMPLETE.  0 WARNING(S),  0 ERROR(S)
